c:\users\kkygo\source\repos\baekjoon\배송로봇\x64\debug\vc141.pdb
c:\users\kkygo\source\repos\baekjoon\배송로봇\x64\debug\vc141.idb
c:\users\kkygo\source\repos\baekjoon\배송로봇\x64\debug\solution.obj
c:\users\kkygo\source\repos\baekjoon\배송로봇\x64\debug\other_solution.obj
c:\users\kkygo\source\repos\baekjoon\배송로봇\x64\debug\third_solution.obj
c:\users\kkygo\source\repos\baekjoon\배송로봇\x64\debug\forth_solution.obj
c:\users\kkygo\source\repos\baekjoon\x64\debug\배송로봇.pdb
c:\users\kkygo\source\repos\baekjoon\배송로봇\x64\debug\배송로봇.tlog\cl.command.1.tlog
c:\users\kkygo\source\repos\baekjoon\배송로봇\x64\debug\배송로봇.tlog\cl.read.1.tlog
c:\users\kkygo\source\repos\baekjoon\배송로봇\x64\debug\배송로봇.tlog\cl.write.1.tlog
c:\users\kkygo\source\repos\baekjoon\배송로봇\x64\debug\배송로봇.tlog\link-cvtres.read.1.tlog
c:\users\kkygo\source\repos\baekjoon\배송로봇\x64\debug\배송로봇.tlog\link-cvtres.write.1.tlog
c:\users\kkygo\source\repos\baekjoon\배송로봇\x64\debug\배송로봇.tlog\link-rc.read.1.tlog
c:\users\kkygo\source\repos\baekjoon\배송로봇\x64\debug\배송로봇.tlog\link-rc.write.1.tlog
c:\users\kkygo\source\repos\baekjoon\배송로봇\x64\debug\배송로봇.tlog\link.20580-cvtres.read.1.tlog
c:\users\kkygo\source\repos\baekjoon\배송로봇\x64\debug\배송로봇.tlog\link.20580-cvtres.write.1.tlog
c:\users\kkygo\source\repos\baekjoon\배송로봇\x64\debug\배송로봇.tlog\link.20580-rc.read.1.tlog
c:\users\kkygo\source\repos\baekjoon\배송로봇\x64\debug\배송로봇.tlog\link.20580-rc.write.1.tlog
c:\users\kkygo\source\repos\baekjoon\배송로봇\x64\debug\배송로봇.tlog\link.20580.read.1.tlog
c:\users\kkygo\source\repos\baekjoon\배송로봇\x64\debug\배송로봇.tlog\link.20580.write.1.tlog
c:\users\kkygo\source\repos\baekjoon\배송로봇\x64\debug\배송로봇.tlog\link.command.1.tlog
c:\users\kkygo\source\repos\baekjoon\배송로봇\x64\debug\배송로봇.tlog\link.read.1.tlog
c:\users\kkygo\source\repos\baekjoon\배송로봇\x64\debug\배송로봇.tlog\link.write.1.tlog
